0 info it worked if it ends with ok
1 verbose cli [ '/Users/Leopold_Dls/.meteor/packages/meteor-tool/.1.4.1_1.1onstxe++os.osx.x86_64+web.browser+web.cordova/mt-os.osx.x86_64/dev_bundle/bin/node',
1 verbose cli   '/Users/Leopold_Dls/.meteor/packages/meteor-tool/1.4.1_1/mt-os.osx.x86_64/dev_bundle/bin/npm',
1 verbose cli   'install',
1 verbose cli   '--save',
1 verbose cli   'bcrypt' ]
2 info using npm@3.10.6
3 info using node@v4.5.0
4 silly loadCurrentTree Starting
5 silly install loadCurrentTree
6 silly install readLocalPackageData
7 silly fetchPackageMetaData bcrypt
8 silly fetchNamedPackageData bcrypt
9 silly mapToRegistry name bcrypt
10 silly mapToRegistry using default registry
11 silly mapToRegistry registry https://registry.npmjs.org/
12 silly mapToRegistry data Result {
12 silly mapToRegistry   raw: 'bcrypt',
12 silly mapToRegistry   scope: null,
12 silly mapToRegistry   escapedName: 'bcrypt',
12 silly mapToRegistry   name: 'bcrypt',
12 silly mapToRegistry   rawSpec: '',
12 silly mapToRegistry   spec: 'latest',
12 silly mapToRegistry   type: 'tag' }
13 silly mapToRegistry uri https://registry.npmjs.org/bcrypt
14 verbose request uri https://registry.npmjs.org/bcrypt
15 verbose request no auth needed
16 info attempt registry request try #1 at 1:17:27 PM
17 verbose request id b6a642a2ff1beec8
18 verbose etag "CR0LH900QPH9SNVEBDQ6WA8Z1"
19 http request GET https://registry.npmjs.org/bcrypt
20 http 304 https://registry.npmjs.org/bcrypt
21 verbose headers { date: 'Sat, 27 Aug 2016 11:17:27 GMT',
21 verbose headers   via: '1.1 varnish',
21 verbose headers   'cache-control': 'max-age=300',
21 verbose headers   etag: '"CR0LH900QPH9SNVEBDQ6WA8Z1"',
21 verbose headers   age: '250',
21 verbose headers   connection: 'keep-alive',
21 verbose headers   'x-served-by': 'cache-fra1232-FRA',
21 verbose headers   'x-cache': 'HIT',
21 verbose headers   'x-cache-hits': '1',
21 verbose headers   'x-timer': 'S1472296647.313044,VS0,VE0',
21 verbose headers   vary: 'Accept-Encoding' }
22 silly get cb [ 304,
22 silly get   { date: 'Sat, 27 Aug 2016 11:17:27 GMT',
22 silly get     via: '1.1 varnish',
22 silly get     'cache-control': 'max-age=300',
22 silly get     etag: '"CR0LH900QPH9SNVEBDQ6WA8Z1"',
22 silly get     age: '250',
22 silly get     connection: 'keep-alive',
22 silly get     'x-served-by': 'cache-fra1232-FRA',
22 silly get     'x-cache': 'HIT',
22 silly get     'x-cache-hits': '1',
22 silly get     'x-timer': 'S1472296647.313044,VS0,VE0',
22 silly get     vary: 'Accept-Encoding' } ]
23 verbose etag https://registry.npmjs.org/bcrypt from cache
24 verbose get saving bcrypt to /Users/Leopold_Dls/.npm/registry.npmjs.org/bcrypt/.cache.json
25 verbose correctMkdir /Users/Leopold_Dls/.npm correctMkdir not in flight; initializing
26 silly install normalizeTree
27 silly loadCurrentTree Finishing
28 silly loadIdealTree Starting
29 silly install loadIdealTree
30 silly cloneCurrentTree Starting
31 silly install cloneCurrentTreeToIdealTree
32 silly cloneCurrentTree Finishing
33 silly loadShrinkwrap Starting
34 silly install loadShrinkwrap
35 silly loadShrinkwrap Finishing
36 silly loadAllDepsIntoIdealTree Starting
37 silly install loadAllDepsIntoIdealTree
38 silly resolveWithNewModule bcrypt@0.8.7 checking installable status
39 silly cache add args [ 'bcrypt', null ]
40 verbose cache add spec bcrypt
41 silly cache add parsed spec Result {
41 silly cache add   raw: 'bcrypt',
41 silly cache add   scope: null,
41 silly cache add   escapedName: 'bcrypt',
41 silly cache add   name: 'bcrypt',
41 silly cache add   rawSpec: '',
41 silly cache add   spec: 'latest',
41 silly cache add   type: 'tag' }
42 silly addNamed bcrypt@latest
43 verbose addNamed "latest" is being treated as a dist-tag for bcrypt
44 info addNameTag [ 'bcrypt', 'latest' ]
45 silly mapToRegistry name bcrypt
46 silly mapToRegistry using default registry
47 silly mapToRegistry registry https://registry.npmjs.org/
48 silly mapToRegistry data Result {
48 silly mapToRegistry   raw: 'bcrypt',
48 silly mapToRegistry   scope: null,
48 silly mapToRegistry   escapedName: 'bcrypt',
48 silly mapToRegistry   name: 'bcrypt',
48 silly mapToRegistry   rawSpec: '',
48 silly mapToRegistry   spec: 'latest',
48 silly mapToRegistry   type: 'tag' }
49 silly mapToRegistry uri https://registry.npmjs.org/bcrypt
50 verbose addNameTag registry:https://registry.npmjs.org/bcrypt not in flight; fetching
51 verbose get https://registry.npmjs.org/bcrypt not expired, no request
52 silly addNameTag next cb for bcrypt with tag latest
53 silly addNamed bcrypt@0.8.7
54 verbose addNamed "0.8.7" is a plain semver version for bcrypt
55 silly cache afterAdd bcrypt@0.8.7
56 verbose afterAdd /Users/Leopold_Dls/.npm/bcrypt/0.8.7/package/package.json not in flight; writing
57 verbose correctMkdir /Users/Leopold_Dls/.npm correctMkdir not in flight; initializing
58 verbose afterAdd /Users/Leopold_Dls/.npm/bcrypt/0.8.7/package/package.json written
59 silly fetchNamedPackageData bindings
60 silly mapToRegistry name bindings
61 silly mapToRegistry using default registry
62 silly mapToRegistry registry https://registry.npmjs.org/
63 silly mapToRegistry data Result {
63 silly mapToRegistry   raw: 'bindings',
63 silly mapToRegistry   scope: null,
63 silly mapToRegistry   escapedName: 'bindings',
63 silly mapToRegistry   name: 'bindings',
63 silly mapToRegistry   rawSpec: '',
63 silly mapToRegistry   spec: 'latest',
63 silly mapToRegistry   type: 'tag' }
64 silly mapToRegistry uri https://registry.npmjs.org/bindings
65 silly fetchNamedPackageData nan
66 silly mapToRegistry name nan
67 silly mapToRegistry using default registry
68 silly mapToRegistry registry https://registry.npmjs.org/
69 silly mapToRegistry data Result {
69 silly mapToRegistry   raw: 'nan',
69 silly mapToRegistry   scope: null,
69 silly mapToRegistry   escapedName: 'nan',
69 silly mapToRegistry   name: 'nan',
69 silly mapToRegistry   rawSpec: '',
69 silly mapToRegistry   spec: 'latest',
69 silly mapToRegistry   type: 'tag' }
70 silly mapToRegistry uri https://registry.npmjs.org/nan
71 verbose request uri https://registry.npmjs.org/bindings
72 verbose request no auth needed
73 info attempt registry request try #1 at 1:17:27 PM
74 verbose etag "33TX4J3DNTGF7K41ZUV6OA182"
75 http request GET https://registry.npmjs.org/bindings
76 verbose request uri https://registry.npmjs.org/nan
77 verbose request no auth needed
78 info attempt registry request try #1 at 1:17:27 PM
79 verbose etag "NAY6YRKIZAXUCU18M1YHIEA2"
80 http request GET https://registry.npmjs.org/nan
81 http 304 https://registry.npmjs.org/bindings
82 verbose headers { date: 'Sat, 27 Aug 2016 11:17:27 GMT',
82 verbose headers   via: '1.1 varnish',
82 verbose headers   'cache-control': 'max-age=300',
82 verbose headers   etag: '"33TX4J3DNTGF7K41ZUV6OA182"',
82 verbose headers   age: '119',
82 verbose headers   connection: 'keep-alive',
82 verbose headers   'x-served-by': 'cache-fra1232-FRA',
82 verbose headers   'x-cache': 'HIT',
82 verbose headers   'x-cache-hits': '2',
82 verbose headers   'x-timer': 'S1472296647.492093,VS0,VE0',
82 verbose headers   vary: 'Accept-Encoding' }
83 silly get cb [ 304,
83 silly get   { date: 'Sat, 27 Aug 2016 11:17:27 GMT',
83 silly get     via: '1.1 varnish',
83 silly get     'cache-control': 'max-age=300',
83 silly get     etag: '"33TX4J3DNTGF7K41ZUV6OA182"',
83 silly get     age: '119',
83 silly get     connection: 'keep-alive',
83 silly get     'x-served-by': 'cache-fra1232-FRA',
83 silly get     'x-cache': 'HIT',
83 silly get     'x-cache-hits': '2',
83 silly get     'x-timer': 'S1472296647.492093,VS0,VE0',
83 silly get     vary: 'Accept-Encoding' } ]
84 verbose etag https://registry.npmjs.org/bindings from cache
85 verbose get saving bindings to /Users/Leopold_Dls/.npm/registry.npmjs.org/bindings/.cache.json
86 verbose correctMkdir /Users/Leopold_Dls/.npm correctMkdir not in flight; initializing
87 silly resolveWithNewModule bindings@1.2.1 checking installable status
88 silly cache add args [ 'bindings@1.2.1', null ]
89 verbose cache add spec bindings@1.2.1
90 silly cache add parsed spec Result {
90 silly cache add   raw: 'bindings@1.2.1',
90 silly cache add   scope: null,
90 silly cache add   escapedName: 'bindings',
90 silly cache add   name: 'bindings',
90 silly cache add   rawSpec: '1.2.1',
90 silly cache add   spec: '1.2.1',
90 silly cache add   type: 'version' }
91 silly addNamed bindings@1.2.1
92 verbose addNamed "1.2.1" is a plain semver version for bindings
93 silly mapToRegistry name bindings
94 silly mapToRegistry using default registry
95 silly mapToRegistry registry https://registry.npmjs.org/
96 silly mapToRegistry data Result {
96 silly mapToRegistry   raw: 'bindings',
96 silly mapToRegistry   scope: null,
96 silly mapToRegistry   escapedName: 'bindings',
96 silly mapToRegistry   name: 'bindings',
96 silly mapToRegistry   rawSpec: '',
96 silly mapToRegistry   spec: 'latest',
96 silly mapToRegistry   type: 'tag' }
97 silly mapToRegistry uri https://registry.npmjs.org/bindings
98 verbose addNameVersion registry:https://registry.npmjs.org/bindings not in flight; fetching
99 verbose get https://registry.npmjs.org/bindings not expired, no request
100 silly cache afterAdd bindings@1.2.1
101 verbose afterAdd /Users/Leopold_Dls/.npm/bindings/1.2.1/package/package.json not in flight; writing
102 verbose correctMkdir /Users/Leopold_Dls/.npm correctMkdir not in flight; initializing
103 verbose afterAdd /Users/Leopold_Dls/.npm/bindings/1.2.1/package/package.json written
104 http 304 https://registry.npmjs.org/nan
105 verbose headers { date: 'Sat, 27 Aug 2016 11:17:27 GMT',
105 verbose headers   via: '1.1 varnish',
105 verbose headers   'cache-control': 'max-age=300',
105 verbose headers   etag: '"NAY6YRKIZAXUCU18M1YHIEA2"',
105 verbose headers   age: '231',
105 verbose headers   connection: 'keep-alive',
105 verbose headers   'x-served-by': 'cache-fra1231-FRA',
105 verbose headers   'x-cache': 'HIT',
105 verbose headers   'x-cache-hits': '2',
105 verbose headers   'x-timer': 'S1472296647.556218,VS0,VE0',
105 verbose headers   vary: 'Accept-Encoding' }
106 silly get cb [ 304,
106 silly get   { date: 'Sat, 27 Aug 2016 11:17:27 GMT',
106 silly get     via: '1.1 varnish',
106 silly get     'cache-control': 'max-age=300',
106 silly get     etag: '"NAY6YRKIZAXUCU18M1YHIEA2"',
106 silly get     age: '231',
106 silly get     connection: 'keep-alive',
106 silly get     'x-served-by': 'cache-fra1231-FRA',
106 silly get     'x-cache': 'HIT',
106 silly get     'x-cache-hits': '2',
106 silly get     'x-timer': 'S1472296647.556218,VS0,VE0',
106 silly get     vary: 'Accept-Encoding' } ]
107 verbose etag https://registry.npmjs.org/nan from cache
108 verbose get saving nan to /Users/Leopold_Dls/.npm/registry.npmjs.org/nan/.cache.json
109 verbose correctMkdir /Users/Leopold_Dls/.npm correctMkdir not in flight; initializing
110 silly resolveWithNewModule nan@2.3.5 checking installable status
111 silly cache add args [ 'nan@2.3.5', null ]
112 verbose cache add spec nan@2.3.5
113 silly cache add parsed spec Result {
113 silly cache add   raw: 'nan@2.3.5',
113 silly cache add   scope: null,
113 silly cache add   escapedName: 'nan',
113 silly cache add   name: 'nan',
113 silly cache add   rawSpec: '2.3.5',
113 silly cache add   spec: '2.3.5',
113 silly cache add   type: 'version' }
114 silly addNamed nan@2.3.5
115 verbose addNamed "2.3.5" is a plain semver version for nan
116 silly mapToRegistry name nan
117 silly mapToRegistry using default registry
118 silly mapToRegistry registry https://registry.npmjs.org/
119 silly mapToRegistry data Result {
119 silly mapToRegistry   raw: 'nan',
119 silly mapToRegistry   scope: null,
119 silly mapToRegistry   escapedName: 'nan',
119 silly mapToRegistry   name: 'nan',
119 silly mapToRegistry   rawSpec: '',
119 silly mapToRegistry   spec: 'latest',
119 silly mapToRegistry   type: 'tag' }
120 silly mapToRegistry uri https://registry.npmjs.org/nan
121 verbose addNameVersion registry:https://registry.npmjs.org/nan not in flight; fetching
122 verbose get https://registry.npmjs.org/nan not expired, no request
123 silly cache afterAdd nan@2.3.5
124 verbose afterAdd /Users/Leopold_Dls/.npm/nan/2.3.5/package/package.json not in flight; writing
125 verbose correctMkdir /Users/Leopold_Dls/.npm correctMkdir not in flight; initializing
126 verbose afterAdd /Users/Leopold_Dls/.npm/nan/2.3.5/package/package.json written
127 silly loadAllDepsIntoIdealTree Finishing
128 silly loadIdealTree Finishing
129 silly currentTree meteor-1.4-boilerplate
129 silly currentTree ├─┬ acorn-jsx@2.0.1
129 silly currentTree │ └── acorn@2.7.0
129 silly currentTree ├── acorn@3.0.4
129 silly currentTree ├── amdefine@1.0.0
129 silly currentTree ├── ansi-escapes@1.3.0
129 silly currentTree ├── ansi-regex@2.0.0
129 silly currentTree ├── ansi-styles@2.2.1
129 silly currentTree ├── argparse@1.0.7
129 silly currentTree ├── array-union@1.0.1
129 silly currentTree ├── array-uniq@1.0.2
129 silly currentTree ├── arrify@1.0.1
129 silly currentTree ├─┬ autoprefixer@6.3.4
129 silly currentTree │ ├── browserslist@1.3.0
129 silly currentTree │ ├── caniuse-db@1.0.30000436
129 silly currentTree │ ├── normalize-range@0.1.2
129 silly currentTree │ ├── num2fraction@1.2.2
129 silly currentTree │ ├── postcss-value-parser@3.3.0
129 silly currentTree │ └─┬ postcss@5.0.19
129 silly currentTree │   ├── js-base64@2.1.9
129 silly currentTree │   ├── source-map@0.5.3
129 silly currentTree │   └─┬ supports-color@3.1.2
129 silly currentTree │     └── has-flag@1.0.0
129 silly currentTree ├─┬ babel-code-frame@6.7.4
129 silly currentTree │ ├── babel-runtime@5.8.38
129 silly currentTree │ └── core-js@1.2.6
129 silly currentTree ├─┬ babel-core@6.7.4
129 silly currentTree │ ├── babel-runtime@5.8.38
129 silly currentTree │ ├── core-js@1.2.6
129 silly currentTree │ ├── lodash@3.10.1
129 silly currentTree │ ├── minimatch@2.0.10
129 silly currentTree │ └── path-exists@1.0.0
129 silly currentTree ├─┬ babel-generator@6.7.2
129 silly currentTree │ ├── babel-runtime@5.8.38
129 silly currentTree │ ├── core-js@1.2.6
129 silly currentTree │ └── lodash@3.10.1
129 silly currentTree ├─┬ babel-helpers@6.6.0
129 silly currentTree │ ├── babel-runtime@5.8.38
129 silly currentTree │ └── core-js@1.2.6
129 silly currentTree ├─┬ babel-messages@6.7.2
129 silly currentTree │ ├── babel-runtime@5.8.38
129 silly currentTree │ └── core-js@1.2.6
129 silly currentTree ├─┬ babel-polyfill@6.7.2
129 silly currentTree │ └─┬ babel-runtime@5.8.38
129 silly currentTree │   └── core-js@1.2.6
129 silly currentTree ├── babel-regenerator-runtime@6.5.0
129 silly currentTree ├─┬ babel-register@6.7.2
129 silly currentTree │ ├─┬ babel-runtime@5.8.38
129 silly currentTree │ │ └── core-js@1.2.6
129 silly currentTree │ ├── lodash@3.10.1
129 silly currentTree │ └── path-exists@1.0.0
129 silly currentTree ├── babel-runtime@6.6.1
129 silly currentTree ├─┬ babel-template@6.7.0
129 silly currentTree │ ├── babel-runtime@5.8.38
129 silly currentTree │ ├── core-js@1.2.6
129 silly currentTree │ └── lodash@3.10.1
129 silly currentTree ├─┬ babel-traverse@6.7.4
129 silly currentTree │ ├── babel-runtime@5.8.38
129 silly currentTree │ ├── core-js@1.2.6
129 silly currentTree │ ├── globals@8.18.0
129 silly currentTree │ └── lodash@3.10.1
129 silly currentTree ├─┬ babel-types@6.7.2
129 silly currentTree │ ├── babel-runtime@5.8.38
129 silly currentTree │ ├── core-js@1.2.6
129 silly currentTree │ └── lodash@3.10.1
129 silly currentTree ├─┬ babylon@6.7.0
129 silly currentTree │ ├── babel-runtime@5.8.38
129 silly currentTree │ └── core-js@1.2.6
129 silly currentTree ├── balanced-match@0.3.0
129 silly currentTree ├── bluebird@3.3.4
129 silly currentTree ├── brace-expansion@1.1.3
129 silly currentTree ├── caller-path@0.1.0
129 silly currentTree ├── callsites@0.2.0
129 silly currentTree ├── chalk@1.1.3
129 silly currentTree ├── cli-cursor@1.0.2
129 silly currentTree ├── cli-width@2.1.0
129 silly currentTree ├── code-point-at@1.0.0
129 silly currentTree ├── concat-map@0.0.1
129 silly currentTree ├── concat-stream@1.5.1
129 silly currentTree ├── convert-source-map@1.2.0
129 silly currentTree ├── core-js@2.2.2
129 silly currentTree ├── core-util-is@1.0.2
129 silly currentTree ├── d@0.1.1
129 silly currentTree ├── debug@2.2.0
129 silly currentTree ├── deep-is@0.1.3
129 silly currentTree ├── del@2.2.0
129 silly currentTree ├─┬ detect-indent@3.0.1
129 silly currentTree │ └── minimist@1.2.0
129 silly currentTree ├─┬ doctrine@1.2.1
129 silly currentTree │ └── esutils@1.1.6
129 silly currentTree ├── es5-ext@0.10.11
129 silly currentTree ├── es6-iterator@2.0.0
129 silly currentTree ├── es6-map@0.1.3
129 silly currentTree ├── es6-set@0.1.4
129 silly currentTree ├── es6-symbol@3.0.2
129 silly currentTree ├── es6-weak-map@2.0.1
129 silly currentTree ├── escape-string-regexp@1.0.5
129 silly currentTree ├── escope@3.6.0
129 silly currentTree ├── eslint-config-airbnb@6.2.0
129 silly currentTree ├── eslint-plugin-meteor@3.4.0
129 silly currentTree ├── eslint-plugin-react@4.3.0
129 silly currentTree ├── eslint@2.7.0
129 silly currentTree ├── espree@3.1.3
129 silly currentTree ├── esprima@2.7.2
129 silly currentTree ├─┬ esrecurse@4.1.0
129 silly currentTree │ └── estraverse@4.1.1
129 silly currentTree ├── estraverse@4.2.0
129 silly currentTree ├── esutils@2.0.2
129 silly currentTree ├── event-emitter@0.3.4
129 silly currentTree ├── exit-hook@1.1.1
129 silly currentTree ├── faker@3.1.0
129 silly currentTree ├── fast-levenshtein@1.1.3
129 silly currentTree ├── figures@1.5.0
129 silly currentTree ├── file-entry-cache@1.2.4
129 silly currentTree ├── flat-cache@1.0.10
129 silly currentTree ├── generate-function@2.0.0
129 silly currentTree ├── generate-object-property@1.2.0
129 silly currentTree ├── get-stdin@4.0.1
129 silly currentTree ├── glob@7.0.3
129 silly currentTree ├── globals@9.4.0
129 silly currentTree ├─┬ globby@4.0.0
129 silly currentTree │ └── glob@6.0.4
129 silly currentTree ├── graceful-fs@4.1.3
129 silly currentTree ├── has-ansi@2.0.0
129 silly currentTree ├─┬ home-or-tmp@1.0.0
129 silly currentTree │ └── user-home@1.1.1
129 silly currentTree ├── ignore@3.0.14
129 silly currentTree ├── imurmurhash@0.1.4
129 silly currentTree ├── inflight@1.0.4
129 silly currentTree ├── inherits@2.0.1
129 silly currentTree ├── inquirer@0.12.0
129 silly currentTree ├── invariant@2.2.1
129 silly currentTree ├── is-finite@1.0.1
129 silly currentTree ├── is-fullwidth-code-point@1.0.0
129 silly currentTree ├── is-integer@1.0.6
129 silly currentTree ├── is-my-json-valid@2.13.1
129 silly currentTree ├── is-path-cwd@1.0.0
129 silly currentTree ├── is-path-in-cwd@1.0.0
129 silly currentTree ├── is-path-inside@1.0.0
129 silly currentTree ├── is-property@1.0.2
129 silly currentTree ├── is-resolvable@1.0.0
129 silly currentTree ├── isarray@1.0.0
129 silly currentTree ├── js-tokens@1.0.3
129 silly currentTree ├── js-yaml@3.5.5
129 silly currentTree ├── json-stable-stringify@1.0.1
129 silly currentTree ├── json5@0.4.0
129 silly currentTree ├── jsonify@0.0.0
129 silly currentTree ├── jsonpointer@2.0.0
129 silly currentTree ├── levn@0.3.0
129 silly currentTree ├── lodash._baseeach@4.1.2
129 silly currentTree ├── lodash._basefind@3.0.0
129 silly currentTree ├── lodash._basefindindex@3.6.0
129 silly currentTree ├── lodash._baseiteratee@4.6.0
129 silly currentTree ├── lodash._mapcache@4.1.4
129 silly currentTree ├── lodash._stringtopath@4.7.0
129 silly currentTree ├── lodash.find@4.2.0
129 silly currentTree ├── lodash.memoize@4.0.1
129 silly currentTree ├── lodash@4.8.2
129 silly currentTree ├── loose-envify@1.1.0
129 silly currentTree ├── minimatch@3.0.0
129 silly currentTree ├── minimist@0.0.8
129 silly currentTree ├── mkdirp@0.5.1
129 silly currentTree ├── ms@0.7.1
129 silly currentTree ├── mute-stream@0.0.5
129 silly currentTree ├── number-is-nan@1.0.0
129 silly currentTree ├── object-assign@4.0.1
129 silly currentTree ├── once@1.3.3
129 silly currentTree ├── onetime@1.1.0
129 silly currentTree ├── optionator@0.8.1
129 silly currentTree ├── os-homedir@1.0.1
129 silly currentTree ├── os-tmpdir@1.0.1
129 silly currentTree ├── path-exists@2.1.0
129 silly currentTree ├── path-is-absolute@1.0.0
129 silly currentTree ├── path-is-inside@1.0.1
129 silly currentTree ├── pify@2.3.0
129 silly currentTree ├── pinkie-promise@2.0.0
129 silly currentTree ├── pinkie@2.0.4
129 silly currentTree ├── pluralize@1.2.1
129 silly currentTree ├── prelude-ls@1.1.2
129 silly currentTree ├── private@0.1.6
129 silly currentTree ├── process-nextick-args@1.0.6
129 silly currentTree ├── progress@1.1.8
129 silly currentTree ├── read-json-sync@1.1.1
129 silly currentTree ├── readable-stream@2.0.6
129 silly currentTree ├── readline2@1.0.1
129 silly currentTree ├── repeating@1.1.3
129 silly currentTree ├── require-uncached@1.0.2
129 silly currentTree ├── resolve-from@1.0.1
129 silly currentTree ├── restore-cursor@1.0.1
129 silly currentTree ├── rimraf@2.5.2
129 silly currentTree ├── run-async@0.1.0
129 silly currentTree ├── rx-lite@3.1.2
129 silly currentTree ├── shebang-regex@1.0.0
129 silly currentTree ├── shelljs@0.6.0
129 silly currentTree ├── slash@1.0.0
129 silly currentTree ├── slice-ansi@0.0.4
129 silly currentTree ├─┬ source-map-support@0.2.10
129 silly currentTree │ └── source-map@0.1.32
129 silly currentTree ├── source-map@0.5.3
129 silly currentTree ├── sprintf-js@1.0.3
129 silly currentTree ├── string_decoder@0.10.31
129 silly currentTree ├── string-width@1.0.1
129 silly currentTree ├── strip-ansi@3.0.1
129 silly currentTree ├── strip-json-comments@1.0.4
129 silly currentTree ├── supports-color@2.0.0
129 silly currentTree ├── table@3.7.8
129 silly currentTree ├── text-table@0.2.0
129 silly currentTree ├── through@2.3.8
129 silly currentTree ├── to-fast-properties@1.0.2
129 silly currentTree ├── trim-right@1.0.1
129 silly currentTree ├── tryit@1.0.2
129 silly currentTree ├── tv4@1.2.7
129 silly currentTree ├── type-check@0.3.2
129 silly currentTree ├── typedarray@0.0.6
129 silly currentTree ├── user-home@2.0.0
129 silly currentTree ├── util-deprecate@1.0.2
129 silly currentTree ├── wordwrap@1.0.0
129 silly currentTree ├── wrappy@1.0.1
129 silly currentTree ├── write@0.2.1
129 silly currentTree ├── xregexp@3.1.0
129 silly currentTree └── xtend@4.0.1
130 silly idealTree meteor-1.4-boilerplate
130 silly idealTree ├─┬ acorn-jsx@2.0.1
130 silly idealTree │ └── acorn@2.7.0
130 silly idealTree ├── acorn@3.0.4
130 silly idealTree ├── amdefine@1.0.0
130 silly idealTree ├── ansi-escapes@1.3.0
130 silly idealTree ├── ansi-regex@2.0.0
130 silly idealTree ├── ansi-styles@2.2.1
130 silly idealTree ├── argparse@1.0.7
130 silly idealTree ├── array-union@1.0.1
130 silly idealTree ├── array-uniq@1.0.2
130 silly idealTree ├── arrify@1.0.1
130 silly idealTree ├─┬ autoprefixer@6.3.4
130 silly idealTree │ ├── browserslist@1.3.0
130 silly idealTree │ ├── caniuse-db@1.0.30000436
130 silly idealTree │ ├── normalize-range@0.1.2
130 silly idealTree │ ├── num2fraction@1.2.2
130 silly idealTree │ ├── postcss-value-parser@3.3.0
130 silly idealTree │ └─┬ postcss@5.0.19
130 silly idealTree │   ├── js-base64@2.1.9
130 silly idealTree │   ├── source-map@0.5.3
130 silly idealTree │   └─┬ supports-color@3.1.2
130 silly idealTree │     └── has-flag@1.0.0
130 silly idealTree ├─┬ babel-code-frame@6.7.4
130 silly idealTree │ ├── babel-runtime@5.8.38
130 silly idealTree │ └── core-js@1.2.6
130 silly idealTree ├─┬ babel-core@6.7.4
130 silly idealTree │ ├── babel-runtime@5.8.38
130 silly idealTree │ ├── core-js@1.2.6
130 silly idealTree │ ├── lodash@3.10.1
130 silly idealTree │ ├── minimatch@2.0.10
130 silly idealTree │ └── path-exists@1.0.0
130 silly idealTree ├─┬ babel-generator@6.7.2
130 silly idealTree │ ├── babel-runtime@5.8.38
130 silly idealTree │ ├── core-js@1.2.6
130 silly idealTree │ └── lodash@3.10.1
130 silly idealTree ├─┬ babel-helpers@6.6.0
130 silly idealTree │ ├── babel-runtime@5.8.38
130 silly idealTree │ └── core-js@1.2.6
130 silly idealTree ├─┬ babel-messages@6.7.2
130 silly idealTree │ ├── babel-runtime@5.8.38
130 silly idealTree │ └── core-js@1.2.6
130 silly idealTree ├─┬ babel-polyfill@6.7.2
130 silly idealTree │ └─┬ babel-runtime@5.8.38
130 silly idealTree │   └── core-js@1.2.6
130 silly idealTree ├── babel-regenerator-runtime@6.5.0
130 silly idealTree ├─┬ babel-register@6.7.2
130 silly idealTree │ ├─┬ babel-runtime@5.8.38
130 silly idealTree │ │ └── core-js@1.2.6
130 silly idealTree │ ├── lodash@3.10.1
130 silly idealTree │ └── path-exists@1.0.0
130 silly idealTree ├── babel-runtime@6.6.1
130 silly idealTree ├─┬ babel-template@6.7.0
130 silly idealTree │ ├── babel-runtime@5.8.38
130 silly idealTree │ ├── core-js@1.2.6
130 silly idealTree │ └── lodash@3.10.1
130 silly idealTree ├─┬ babel-traverse@6.7.4
130 silly idealTree │ ├── babel-runtime@5.8.38
130 silly idealTree │ ├── core-js@1.2.6
130 silly idealTree │ ├── globals@8.18.0
130 silly idealTree │ └── lodash@3.10.1
130 silly idealTree ├─┬ babel-types@6.7.2
130 silly idealTree │ ├── babel-runtime@5.8.38
130 silly idealTree │ ├── core-js@1.2.6
130 silly idealTree │ └── lodash@3.10.1
130 silly idealTree ├─┬ babylon@6.7.0
130 silly idealTree │ ├── babel-runtime@5.8.38
130 silly idealTree │ └── core-js@1.2.6
130 silly idealTree ├── balanced-match@0.3.0
130 silly idealTree ├── bcrypt@0.8.7
130 silly idealTree ├── bindings@1.2.1
130 silly idealTree ├── bluebird@3.3.4
130 silly idealTree ├── brace-expansion@1.1.3
130 silly idealTree ├── caller-path@0.1.0
130 silly idealTree ├── callsites@0.2.0
130 silly idealTree ├── chalk@1.1.3
130 silly idealTree ├── cli-cursor@1.0.2
130 silly idealTree ├── cli-width@2.1.0
130 silly idealTree ├── code-point-at@1.0.0
130 silly idealTree ├── concat-map@0.0.1
130 silly idealTree ├── concat-stream@1.5.1
130 silly idealTree ├── convert-source-map@1.2.0
130 silly idealTree ├── core-js@2.2.2
130 silly idealTree ├── core-util-is@1.0.2
130 silly idealTree ├── d@0.1.1
130 silly idealTree ├── debug@2.2.0
130 silly idealTree ├── deep-is@0.1.3
130 silly idealTree ├── del@2.2.0
130 silly idealTree ├─┬ detect-indent@3.0.1
130 silly idealTree │ └── minimist@1.2.0
130 silly idealTree ├─┬ doctrine@1.2.1
130 silly idealTree │ └── esutils@1.1.6
130 silly idealTree ├── es5-ext@0.10.11
130 silly idealTree ├── es6-iterator@2.0.0
130 silly idealTree ├── es6-map@0.1.3
130 silly idealTree ├── es6-set@0.1.4
130 silly idealTree ├── es6-symbol@3.0.2
130 silly idealTree ├── es6-weak-map@2.0.1
130 silly idealTree ├── escape-string-regexp@1.0.5
130 silly idealTree ├── escope@3.6.0
130 silly idealTree ├── eslint-config-airbnb@6.2.0
130 silly idealTree ├── eslint-plugin-meteor@3.4.0
130 silly idealTree ├── eslint-plugin-react@4.3.0
130 silly idealTree ├── eslint@2.7.0
130 silly idealTree ├── espree@3.1.3
130 silly idealTree ├── esprima@2.7.2
130 silly idealTree ├─┬ esrecurse@4.1.0
130 silly idealTree │ └── estraverse@4.1.1
130 silly idealTree ├── estraverse@4.2.0
130 silly idealTree ├── esutils@2.0.2
130 silly idealTree ├── event-emitter@0.3.4
130 silly idealTree ├── exit-hook@1.1.1
130 silly idealTree ├── faker@3.1.0
130 silly idealTree ├── fast-levenshtein@1.1.3
130 silly idealTree ├── figures@1.5.0
130 silly idealTree ├── file-entry-cache@1.2.4
130 silly idealTree ├── flat-cache@1.0.10
130 silly idealTree ├── generate-function@2.0.0
130 silly idealTree ├── generate-object-property@1.2.0
130 silly idealTree ├── get-stdin@4.0.1
130 silly idealTree ├── glob@7.0.3
130 silly idealTree ├── globals@9.4.0
130 silly idealTree ├─┬ globby@4.0.0
130 silly idealTree │ └── glob@6.0.4
130 silly idealTree ├── graceful-fs@4.1.3
130 silly idealTree ├── has-ansi@2.0.0
130 silly idealTree ├─┬ home-or-tmp@1.0.0
130 silly idealTree │ └── user-home@1.1.1
130 silly idealTree ├── ignore@3.0.14
130 silly idealTree ├── imurmurhash@0.1.4
130 silly idealTree ├── inflight@1.0.4
130 silly idealTree ├── inherits@2.0.1
130 silly idealTree ├── inquirer@0.12.0
130 silly idealTree ├── invariant@2.2.1
130 silly idealTree ├── is-finite@1.0.1
130 silly idealTree ├── is-fullwidth-code-point@1.0.0
130 silly idealTree ├── is-integer@1.0.6
130 silly idealTree ├── is-my-json-valid@2.13.1
130 silly idealTree ├── is-path-cwd@1.0.0
130 silly idealTree ├── is-path-in-cwd@1.0.0
130 silly idealTree ├── is-path-inside@1.0.0
130 silly idealTree ├── is-property@1.0.2
130 silly idealTree ├── is-resolvable@1.0.0
130 silly idealTree ├── isarray@1.0.0
130 silly idealTree ├── js-tokens@1.0.3
130 silly idealTree ├── js-yaml@3.5.5
130 silly idealTree ├── json-stable-stringify@1.0.1
130 silly idealTree ├── json5@0.4.0
130 silly idealTree ├── jsonify@0.0.0
130 silly idealTree ├── jsonpointer@2.0.0
130 silly idealTree ├── levn@0.3.0
130 silly idealTree ├── lodash._baseeach@4.1.2
130 silly idealTree ├── lodash._basefind@3.0.0
130 silly idealTree ├── lodash._basefindindex@3.6.0
130 silly idealTree ├── lodash._baseiteratee@4.6.0
130 silly idealTree ├── lodash._mapcache@4.1.4
130 silly idealTree ├── lodash._stringtopath@4.7.0
130 silly idealTree ├── lodash.find@4.2.0
130 silly idealTree ├── lodash.memoize@4.0.1
130 silly idealTree ├── lodash@4.8.2
130 silly idealTree ├── loose-envify@1.1.0
130 silly idealTree ├── minimatch@3.0.0
130 silly idealTree ├── minimist@0.0.8
130 silly idealTree ├── mkdirp@0.5.1
130 silly idealTree ├── ms@0.7.1
130 silly idealTree ├── mute-stream@0.0.5
130 silly idealTree ├── nan@2.3.5
130 silly idealTree ├── number-is-nan@1.0.0
130 silly idealTree ├── object-assign@4.0.1
130 silly idealTree ├── once@1.3.3
130 silly idealTree ├── onetime@1.1.0
130 silly idealTree ├── optionator@0.8.1
130 silly idealTree ├── os-homedir@1.0.1
130 silly idealTree ├── os-tmpdir@1.0.1
130 silly idealTree ├── path-exists@2.1.0
130 silly idealTree ├── path-is-absolute@1.0.0
130 silly idealTree ├── path-is-inside@1.0.1
130 silly idealTree ├── pify@2.3.0
130 silly idealTree ├── pinkie-promise@2.0.0
130 silly idealTree ├── pinkie@2.0.4
130 silly idealTree ├── pluralize@1.2.1
130 silly idealTree ├── prelude-ls@1.1.2
130 silly idealTree ├── private@0.1.6
130 silly idealTree ├── process-nextick-args@1.0.6
130 silly idealTree ├── progress@1.1.8
130 silly idealTree ├── read-json-sync@1.1.1
130 silly idealTree ├── readable-stream@2.0.6
130 silly idealTree ├── readline2@1.0.1
130 silly idealTree ├── repeating@1.1.3
130 silly idealTree ├── require-uncached@1.0.2
130 silly idealTree ├── resolve-from@1.0.1
130 silly idealTree ├── restore-cursor@1.0.1
130 silly idealTree ├── rimraf@2.5.2
130 silly idealTree ├── run-async@0.1.0
130 silly idealTree ├── rx-lite@3.1.2
130 silly idealTree ├── shebang-regex@1.0.0
130 silly idealTree ├── shelljs@0.6.0
130 silly idealTree ├── slash@1.0.0
130 silly idealTree ├── slice-ansi@0.0.4
130 silly idealTree ├─┬ source-map-support@0.2.10
130 silly idealTree │ └── source-map@0.1.32
130 silly idealTree ├── source-map@0.5.3
130 silly idealTree ├── sprintf-js@1.0.3
130 silly idealTree ├── string_decoder@0.10.31
130 silly idealTree ├── string-width@1.0.1
130 silly idealTree ├── strip-ansi@3.0.1
130 silly idealTree ├── strip-json-comments@1.0.4
130 silly idealTree ├── supports-color@2.0.0
130 silly idealTree ├── table@3.7.8
130 silly idealTree ├── text-table@0.2.0
130 silly idealTree ├── through@2.3.8
130 silly idealTree ├── to-fast-properties@1.0.2
130 silly idealTree ├── trim-right@1.0.1
130 silly idealTree ├── tryit@1.0.2
130 silly idealTree ├── tv4@1.2.7
130 silly idealTree ├── type-check@0.3.2
130 silly idealTree ├── typedarray@0.0.6
130 silly idealTree ├── user-home@2.0.0
130 silly idealTree ├── util-deprecate@1.0.2
130 silly idealTree ├── wordwrap@1.0.0
130 silly idealTree ├── wrappy@1.0.1
130 silly idealTree ├── write@0.2.1
130 silly idealTree ├── xregexp@3.1.0
130 silly idealTree └── xtend@4.0.1
131 silly generateActionsToTake Starting
132 silly install generateActionsToTake
133 silly generateActionsToTake Finishing
134 silly diffTrees action count 3
135 silly diffTrees add bindings@1.2.1
136 silly diffTrees add nan@2.3.5
137 silly diffTrees add bcrypt@0.8.7
138 silly decomposeActions action count 24
139 silly decomposeActions fetch bindings@1.2.1
140 silly decomposeActions extract bindings@1.2.1
141 silly decomposeActions test bindings@1.2.1
142 silly decomposeActions preinstall bindings@1.2.1
143 silly decomposeActions build bindings@1.2.1
144 silly decomposeActions install bindings@1.2.1
145 silly decomposeActions postinstall bindings@1.2.1
146 silly decomposeActions finalize bindings@1.2.1
147 silly decomposeActions fetch nan@2.3.5
148 silly decomposeActions extract nan@2.3.5
149 silly decomposeActions test nan@2.3.5
150 silly decomposeActions preinstall nan@2.3.5
151 silly decomposeActions build nan@2.3.5
152 silly decomposeActions install nan@2.3.5
153 silly decomposeActions postinstall nan@2.3.5
154 silly decomposeActions finalize nan@2.3.5
155 silly decomposeActions fetch bcrypt@0.8.7
156 silly decomposeActions extract bcrypt@0.8.7
157 silly decomposeActions test bcrypt@0.8.7
158 silly decomposeActions preinstall bcrypt@0.8.7
159 silly decomposeActions build bcrypt@0.8.7
160 silly decomposeActions install bcrypt@0.8.7
161 silly decomposeActions postinstall bcrypt@0.8.7
162 silly decomposeActions finalize bcrypt@0.8.7
163 silly executeActions Starting
164 silly install executeActions
165 silly doSerial global-install 0
166 silly doParallel fetch 3
167 verbose correctMkdir /Users/Leopold_Dls/.npm/_locks correctMkdir not in flight; initializing
168 verbose lock using /Users/Leopold_Dls/.npm/_locks/staging-1bf40c060d20c5a6.lock for /Users/Leopold_Dls/Documents/development/dev-js/meteor/BOILERPLATE/meteor-1.4-boilerplate/node_modules/.staging
169 silly doParallel extract 3
170 silly extract bindings@1.2.1
171 silly extract nan@2.3.5
172 silly extract bcrypt@0.8.7
173 verbose unbuild node_modules/.staging/bindings-e18b101d
174 verbose unbuild node_modules/.staging/nan-b07c841b
175 verbose unbuild node_modules/.staging/bcrypt-a03b1df7
176 silly gentlyRm /Users/Leopold_Dls/Documents/development/dev-js/meteor/BOILERPLATE/meteor-1.4-boilerplate/node_modules/.staging/bindings-e18b101d is being purged from base /Users/Leopold_Dls/Documents/development/dev-js/meteor/BOILERPLATE/meteor-1.4-boilerplate
177 verbose gentlyRm don't care about contents; nuking /Users/Leopold_Dls/Documents/development/dev-js/meteor/BOILERPLATE/meteor-1.4-boilerplate/node_modules/.staging/bindings-e18b101d
178 silly gentlyRm /Users/Leopold_Dls/Documents/development/dev-js/meteor/BOILERPLATE/meteor-1.4-boilerplate/node_modules/.staging/nan-b07c841b is being purged from base /Users/Leopold_Dls/Documents/development/dev-js/meteor/BOILERPLATE/meteor-1.4-boilerplate
179 verbose gentlyRm don't care about contents; nuking /Users/Leopold_Dls/Documents/development/dev-js/meteor/BOILERPLATE/meteor-1.4-boilerplate/node_modules/.staging/nan-b07c841b
180 verbose tar unpack /Users/Leopold_Dls/.npm/bindings/1.2.1/package.tgz
181 verbose tar unpacking to /Users/Leopold_Dls/Documents/development/dev-js/meteor/BOILERPLATE/meteor-1.4-boilerplate/node_modules/.staging/bindings-e18b101d
182 silly gentlyRm /Users/Leopold_Dls/Documents/development/dev-js/meteor/BOILERPLATE/meteor-1.4-boilerplate/node_modules/.staging/bindings-e18b101d is being purged
183 verbose gentlyRm don't care about contents; nuking /Users/Leopold_Dls/Documents/development/dev-js/meteor/BOILERPLATE/meteor-1.4-boilerplate/node_modules/.staging/bindings-e18b101d
184 silly gentlyRm /Users/Leopold_Dls/Documents/development/dev-js/meteor/BOILERPLATE/meteor-1.4-boilerplate/node_modules/.staging/bcrypt-a03b1df7 is being purged from base /Users/Leopold_Dls/Documents/development/dev-js/meteor/BOILERPLATE/meteor-1.4-boilerplate
185 verbose gentlyRm don't care about contents; nuking /Users/Leopold_Dls/Documents/development/dev-js/meteor/BOILERPLATE/meteor-1.4-boilerplate/node_modules/.staging/bcrypt-a03b1df7
186 verbose tar unpack /Users/Leopold_Dls/.npm/nan/2.3.5/package.tgz
187 verbose tar unpacking to /Users/Leopold_Dls/Documents/development/dev-js/meteor/BOILERPLATE/meteor-1.4-boilerplate/node_modules/.staging/nan-b07c841b
188 silly gentlyRm /Users/Leopold_Dls/Documents/development/dev-js/meteor/BOILERPLATE/meteor-1.4-boilerplate/node_modules/.staging/nan-b07c841b is being purged
189 verbose gentlyRm don't care about contents; nuking /Users/Leopold_Dls/Documents/development/dev-js/meteor/BOILERPLATE/meteor-1.4-boilerplate/node_modules/.staging/nan-b07c841b
190 silly gunzTarPerm modes [ '755', '644' ]
191 verbose tar unpack /Users/Leopold_Dls/.npm/bcrypt/0.8.7/package.tgz
192 verbose tar unpacking to /Users/Leopold_Dls/Documents/development/dev-js/meteor/BOILERPLATE/meteor-1.4-boilerplate/node_modules/.staging/bcrypt-a03b1df7
193 silly gentlyRm /Users/Leopold_Dls/Documents/development/dev-js/meteor/BOILERPLATE/meteor-1.4-boilerplate/node_modules/.staging/bcrypt-a03b1df7 is being purged
194 verbose gentlyRm don't care about contents; nuking /Users/Leopold_Dls/Documents/development/dev-js/meteor/BOILERPLATE/meteor-1.4-boilerplate/node_modules/.staging/bcrypt-a03b1df7
195 silly gunzTarPerm modes [ '755', '644' ]
196 silly gunzTarPerm modes [ '755', '644' ]
197 silly gunzTarPerm extractEntry package.json
198 silly gunzTarPerm extractEntry package.json
199 silly gunzTarPerm modified mode [ 'package.json', 436, 420 ]
200 silly gunzTarPerm extractEntry package.json
201 silly gunzTarPerm extractEntry README.md
202 silly gunzTarPerm extractEntry bindings.js
203 silly gunzTarPerm extractEntry README.md
204 silly gunzTarPerm modified mode [ 'README.md', 436, 420 ]
205 silly gunzTarPerm extractEntry include_dirs.js
206 silly gunzTarPerm modified mode [ 'include_dirs.js', 436, 420 ]
207 silly gunzTarPerm extractEntry .npmignore
208 silly gunzTarPerm extractEntry README.md
209 silly gunzTarPerm extractEntry nan_converters.h
210 silly gunzTarPerm modified mode [ 'nan_converters.h', 436, 420 ]
211 silly gunzTarPerm extractEntry LICENSE.md
212 silly gunzTarPerm modified mode [ 'LICENSE.md', 436, 420 ]
213 silly gunzTarPerm extractEntry doc/node_misc.md
214 silly gunzTarPerm modified mode [ 'doc/node_misc.md', 436, 420 ]
215 silly gunzTarPerm extractEntry LICENSE
216 silly gunzTarPerm extractEntry bcrypt.js
217 silly gunzTarPerm extractEntry Makefile
218 silly gunzTarPerm extractEntry .travis.yml
219 silly gunzTarPerm extractEntry CHANGELOG.md
220 silly gunzTarPerm extractEntry binding.gyp
221 silly gunzTarPerm extractEntry examples/async_compare.js
222 silly gunzTarPerm extractEntry examples/forever_gen_salt.js
223 silly gunzTarPerm extractEntry test/async.js
224 silly gunzTarPerm extractEntry test/repetitions.js
225 silly gunzTarPerm extractEntry test/sync.js
226 silly gunzTarPerm extractEntry ISSUE_TEMPLATE.md
227 silly gunzTarPerm extractEntry src/bcrypt.cc
228 silly gunzTarPerm extractEntry src/bcrypt_node.cc
229 silly gunzTarPerm extractEntry src/blowfish.cc
230 silly gunzTarPerm extractEntry src/node_blf.h
231 silly gunzTarPerm extractEntry werker.yml
232 silly gunzTarPerm extractEntry doc/asyncworker.md
233 silly gunzTarPerm modified mode [ 'doc/asyncworker.md', 436, 420 ]
234 silly gunzTarPerm extractEntry doc/callback.md
235 silly gunzTarPerm modified mode [ 'doc/callback.md', 436, 420 ]
236 silly gunzTarPerm extractEntry doc/converters.md
237 silly gunzTarPerm modified mode [ 'doc/converters.md', 436, 420 ]
238 silly gunzTarPerm extractEntry doc/errors.md
239 silly gunzTarPerm modified mode [ 'doc/errors.md', 436, 420 ]
240 silly gunzTarPerm extractEntry doc/maybe_types.md
241 silly gunzTarPerm modified mode [ 'doc/maybe_types.md', 436, 420 ]
242 silly gentlyRm /Users/Leopold_Dls/Documents/development/dev-js/meteor/BOILERPLATE/meteor-1.4-boilerplate/node_modules/.staging/bindings-e18b101d/node_modules is being purged
243 verbose gentlyRm don't care about contents; nuking /Users/Leopold_Dls/Documents/development/dev-js/meteor/BOILERPLATE/meteor-1.4-boilerplate/node_modules/.staging/bindings-e18b101d/node_modules
244 silly gunzTarPerm extractEntry doc/methods.md
245 silly gunzTarPerm modified mode [ 'doc/methods.md', 436, 420 ]
246 silly gunzTarPerm extractEntry doc/new.md
247 silly gunzTarPerm modified mode [ 'doc/new.md', 436, 420 ]
248 silly gunzTarPerm extractEntry doc/buffers.md
249 silly gunzTarPerm modified mode [ 'doc/buffers.md', 436, 420 ]
250 silly gunzTarPerm extractEntry doc/object_wrappers.md
251 silly gunzTarPerm modified mode [ 'doc/object_wrappers.md', 436, 420 ]
252 silly gunzTarPerm extractEntry doc/persistent.md
253 silly gunzTarPerm modified mode [ 'doc/persistent.md', 436, 420 ]
254 silly gunzTarPerm extractEntry doc/scopes.md
255 silly gunzTarPerm modified mode [ 'doc/scopes.md', 436, 420 ]
256 silly gunzTarPerm extractEntry doc/script.md
257 silly gunzTarPerm modified mode [ 'doc/script.md', 436, 420 ]
258 silly gunzTarPerm extractEntry doc/string_bytes.md
259 silly gunzTarPerm modified mode [ 'doc/string_bytes.md', 436, 420 ]
260 silly gunzTarPerm extractEntry doc/v8_internals.md
261 silly gunzTarPerm modified mode [ 'doc/v8_internals.md', 436, 420 ]
262 silly gunzTarPerm extractEntry doc/v8_misc.md
263 silly gunzTarPerm modified mode [ 'doc/v8_misc.md', 436, 420 ]
264 silly gunzTarPerm extractEntry nan.h
265 silly gunzTarPerm modified mode [ 'nan.h', 436, 420 ]
266 silly gunzTarPerm extractEntry nan_callbacks.h
267 silly gunzTarPerm modified mode [ 'nan_callbacks.h', 436, 420 ]
268 silly gunzTarPerm extractEntry nan_callbacks_12_inl.h
269 silly gunzTarPerm modified mode [ 'nan_callbacks_12_inl.h', 436, 420 ]
270 silly gunzTarPerm extractEntry nan_callbacks_pre_12_inl.h
271 silly gunzTarPerm modified mode [ 'nan_callbacks_pre_12_inl.h', 436, 420 ]
272 silly gunzTarPerm extractEntry nan_converters_43_inl.h
273 silly gunzTarPerm modified mode [ 'nan_converters_43_inl.h', 436, 420 ]
274 silly gunzTarPerm extractEntry nan_converters_pre_43_inl.h
275 silly gunzTarPerm modified mode [ 'nan_converters_pre_43_inl.h', 436, 420 ]
276 silly gunzTarPerm extractEntry nan_implementation_12_inl.h
277 silly gunzTarPerm modified mode [ 'nan_implementation_12_inl.h', 436, 420 ]
278 silly gunzTarPerm extractEntry nan_implementation_pre_12_inl.h
279 silly gunzTarPerm modified mode [ 'nan_implementation_pre_12_inl.h', 436, 420 ]
280 silly gunzTarPerm extractEntry nan_maybe_43_inl.h
281 silly gunzTarPerm modified mode [ 'nan_maybe_43_inl.h', 436, 420 ]
282 silly gunzTarPerm extractEntry nan_maybe_pre_43_inl.h
283 silly gunzTarPerm modified mode [ 'nan_maybe_pre_43_inl.h', 436, 420 ]
284 silly gunzTarPerm extractEntry nan_new.h
285 silly gunzTarPerm modified mode [ 'nan_new.h', 436, 420 ]
286 silly gunzTarPerm extractEntry nan_object_wrap.h
287 silly gunzTarPerm modified mode [ 'nan_object_wrap.h', 436, 420 ]
288 silly gunzTarPerm extractEntry nan_persistent_12_inl.h
289 silly gunzTarPerm modified mode [ 'nan_persistent_12_inl.h', 436, 420 ]
290 silly gunzTarPerm extractEntry nan_persistent_pre_12_inl.h
291 silly gunzTarPerm modified mode [ 'nan_persistent_pre_12_inl.h', 436, 420 ]
292 silly gunzTarPerm extractEntry nan_string_bytes.h
293 silly gunzTarPerm modified mode [ 'nan_string_bytes.h', 436, 420 ]
294 silly gunzTarPerm extractEntry nan_typedarray_contents.h
295 silly gunzTarPerm modified mode [ 'nan_typedarray_contents.h', 436, 420 ]
296 silly gunzTarPerm extractEntry nan_weak.h
297 silly gunzTarPerm modified mode [ 'nan_weak.h', 436, 420 ]
298 silly gunzTarPerm extractEntry CHANGELOG.md
299 silly gunzTarPerm modified mode [ 'CHANGELOG.md', 436, 420 ]
300 silly gunzTarPerm extractEntry tools/package.json
301 silly gunzTarPerm modified mode [ 'tools/package.json', 436, 420 ]
302 silly gunzTarPerm extractEntry tools/README.md
303 silly gunzTarPerm modified mode [ 'tools/README.md', 436, 420 ]
304 silly gunzTarPerm extractEntry tools/1to2.js
305 silly gunzTarPerm modified mode [ 'tools/1to2.js', 509, 493 ]
306 silly gentlyRm /Users/Leopold_Dls/Documents/development/dev-js/meteor/BOILERPLATE/meteor-1.4-boilerplate/node_modules/.staging/bcrypt-a03b1df7/node_modules is being purged
307 verbose gentlyRm don't care about contents; nuking /Users/Leopold_Dls/Documents/development/dev-js/meteor/BOILERPLATE/meteor-1.4-boilerplate/node_modules/.staging/bcrypt-a03b1df7/node_modules
308 silly gentlyRm /Users/Leopold_Dls/Documents/development/dev-js/meteor/BOILERPLATE/meteor-1.4-boilerplate/node_modules/.staging/nan-b07c841b/node_modules is being purged
309 verbose gentlyRm don't care about contents; nuking /Users/Leopold_Dls/Documents/development/dev-js/meteor/BOILERPLATE/meteor-1.4-boilerplate/node_modules/.staging/nan-b07c841b/node_modules
310 silly doParallel preinstall 3
311 silly preinstall bindings@1.2.1 /Users/Leopold_Dls/Documents/development/dev-js/meteor/BOILERPLATE/meteor-1.4-boilerplate/node_modules/.staging/bindings-e18b101d
312 info lifecycle bindings@1.2.1~preinstall: bindings@1.2.1
313 silly preinstall nan@2.3.5 /Users/Leopold_Dls/Documents/development/dev-js/meteor/BOILERPLATE/meteor-1.4-boilerplate/node_modules/.staging/nan-b07c841b
314 info lifecycle nan@2.3.5~preinstall: nan@2.3.5
315 silly preinstall bcrypt@0.8.7 /Users/Leopold_Dls/Documents/development/dev-js/meteor/BOILERPLATE/meteor-1.4-boilerplate/node_modules/.staging/bcrypt-a03b1df7
316 info lifecycle bcrypt@0.8.7~preinstall: bcrypt@0.8.7
317 silly lifecycle bindings@1.2.1~preinstall: no script for preinstall, continuing
318 silly lifecycle nan@2.3.5~preinstall: no script for preinstall, continuing
319 silly lifecycle bcrypt@0.8.7~preinstall: no script for preinstall, continuing
320 silly doReverseSerial remove 0
321 silly doSerial move 0
322 silly doSerial finalize 3
323 silly finalize /Users/Leopold_Dls/Documents/development/dev-js/meteor/BOILERPLATE/meteor-1.4-boilerplate/node_modules/bindings
324 silly finalize /Users/Leopold_Dls/Documents/development/dev-js/meteor/BOILERPLATE/meteor-1.4-boilerplate/node_modules/nan
325 silly finalize /Users/Leopold_Dls/Documents/development/dev-js/meteor/BOILERPLATE/meteor-1.4-boilerplate/node_modules/bcrypt
326 silly doSerial build 3
327 silly build bindings@1.2.1
328 info linkStuff bindings@1.2.1
329 silly linkStuff bindings@1.2.1 has /Users/Leopold_Dls/Documents/development/dev-js/meteor/BOILERPLATE/meteor-1.4-boilerplate/node_modules as its parent node_modules
330 verbose linkBins bindings@1.2.1
331 verbose linkMans bindings@1.2.1
332 silly build nan@2.3.5
333 info linkStuff nan@2.3.5
334 silly linkStuff nan@2.3.5 has /Users/Leopold_Dls/Documents/development/dev-js/meteor/BOILERPLATE/meteor-1.4-boilerplate/node_modules as its parent node_modules
335 verbose linkBins nan@2.3.5
336 verbose linkMans nan@2.3.5
337 silly build bcrypt@0.8.7
338 info linkStuff bcrypt@0.8.7
339 silly linkStuff bcrypt@0.8.7 has /Users/Leopold_Dls/Documents/development/dev-js/meteor/BOILERPLATE/meteor-1.4-boilerplate/node_modules as its parent node_modules
340 verbose linkBins bcrypt@0.8.7
341 verbose linkMans bcrypt@0.8.7
342 silly doSerial global-link 0
343 silly doParallel update-linked 0
344 silly doSerial install 3
345 silly install bindings@1.2.1 /Users/Leopold_Dls/Documents/development/dev-js/meteor/BOILERPLATE/meteor-1.4-boilerplate/node_modules/.staging/bindings-e18b101d
346 info lifecycle bindings@1.2.1~install: bindings@1.2.1
347 silly lifecycle bindings@1.2.1~install: no script for install, continuing
348 silly install nan@2.3.5 /Users/Leopold_Dls/Documents/development/dev-js/meteor/BOILERPLATE/meteor-1.4-boilerplate/node_modules/.staging/nan-b07c841b
349 info lifecycle nan@2.3.5~install: nan@2.3.5
350 silly lifecycle nan@2.3.5~install: no script for install, continuing
351 silly install bcrypt@0.8.7 /Users/Leopold_Dls/Documents/development/dev-js/meteor/BOILERPLATE/meteor-1.4-boilerplate/node_modules/.staging/bcrypt-a03b1df7
352 info lifecycle bcrypt@0.8.7~install: bcrypt@0.8.7
353 verbose lifecycle bcrypt@0.8.7~install: unsafe-perm in lifecycle true
354 verbose lifecycle bcrypt@0.8.7~install: PATH: /Users/Leopold_Dls/.meteor/packages/meteor-tool/.1.4.1_1.1onstxe++os.osx.x86_64+web.browser+web.cordova/mt-os.osx.x86_64/dev_bundle/lib/node_modules/npm/bin/node-gyp-bin:/Users/Leopold_Dls/Documents/development/dev-js/meteor/BOILERPLATE/meteor-1.4-boilerplate/node_modules/bcrypt/node_modules/.bin:/Users/Leopold_Dls/Documents/development/dev-js/meteor/BOILERPLATE/meteor-1.4-boilerplate/node_modules/.bin:/Users/Leopold_Dls/.meteor/packages/meteor-tool/.1.4.1_1.1onstxe++os.osx.x86_64+web.browser+web.cordova/mt-os.osx.x86_64/dev_bundle/bin:/Users/Leopold_Dls/.meteor/packages/meteor-tool/1.4.1_1/mt-os.osx.x86_64/dev_bundle/bin:/Users/Leopold_Dls/.meteor/packages/meteor-tool/1.4.1_1/mt-os.osx.x86_64/dev_bundle/lib/node_modules/.bin:/usr/local/bin:/usr/bin:/bin:/usr/sbin:/sbin:/usr/local/git/bin
355 verbose lifecycle bcrypt@0.8.7~install: CWD: /Users/Leopold_Dls/Documents/development/dev-js/meteor/BOILERPLATE/meteor-1.4-boilerplate/node_modules/bcrypt
356 silly lifecycle bcrypt@0.8.7~install: Args: [ '-c', 'node-gyp rebuild' ]
357 silly lifecycle bcrypt@0.8.7~install: Returned: code: 0  signal: null
358 silly doSerial postinstall 3
359 silly postinstall bindings@1.2.1 /Users/Leopold_Dls/Documents/development/dev-js/meteor/BOILERPLATE/meteor-1.4-boilerplate/node_modules/.staging/bindings-e18b101d
360 info lifecycle bindings@1.2.1~postinstall: bindings@1.2.1
361 silly lifecycle bindings@1.2.1~postinstall: no script for postinstall, continuing
362 silly postinstall nan@2.3.5 /Users/Leopold_Dls/Documents/development/dev-js/meteor/BOILERPLATE/meteor-1.4-boilerplate/node_modules/.staging/nan-b07c841b
363 info lifecycle nan@2.3.5~postinstall: nan@2.3.5
364 silly lifecycle nan@2.3.5~postinstall: no script for postinstall, continuing
365 silly postinstall bcrypt@0.8.7 /Users/Leopold_Dls/Documents/development/dev-js/meteor/BOILERPLATE/meteor-1.4-boilerplate/node_modules/.staging/bcrypt-a03b1df7
366 info lifecycle bcrypt@0.8.7~postinstall: bcrypt@0.8.7
367 silly lifecycle bcrypt@0.8.7~postinstall: no script for postinstall, continuing
368 verbose unlock done using /Users/Leopold_Dls/.npm/_locks/staging-1bf40c060d20c5a6.lock for /Users/Leopold_Dls/Documents/development/dev-js/meteor/BOILERPLATE/meteor-1.4-boilerplate/node_modules/.staging
369 silly executeActions Finishing
370 silly rollbackFailedOptional Starting
371 silly rollbackFailedOptional Finishing
372 silly runTopLevelLifecycles Starting
373 silly install runTopLevelLifecycles
374 silly runTopLevelLifecycles Finishing
375 silly install saveToDependencies
376 verbose saving [ { name: 'bcrypt', spec: '^0.8.7', save: 'dependencies' } ]
377 info lifecycle undefined~preshrinkwrap: undefined
378 silly lifecycle undefined~preshrinkwrap: no script for preshrinkwrap, continuing
379 warn shrinkwrap Excluding devDependency: acorn@3.0.4 { autoprefixer: '^6.3.1',
379 warn shrinkwrap   bcrypt: '^0.8.7',
379 warn shrinkwrap   faker: '^3.0.1',
379 warn shrinkwrap   lodash: '4.12.0',
379 warn shrinkwrap   moment: '2.13.0' }
380 warn shrinkwrap Excluding devDependency: acorn-jsx@2.0.1 { autoprefixer: '^6.3.1',
380 warn shrinkwrap   bcrypt: '^0.8.7',
380 warn shrinkwrap   faker: '^3.0.1',
380 warn shrinkwrap   lodash: '4.12.0',
380 warn shrinkwrap   moment: '2.13.0' }
381 verbose stack RangeError: Maximum call stack size exceeded
381 verbose stack     at module.exports (/Users/Leopold_Dls/.meteor/packages/meteor-tool/.1.4.1_1.1onstxe++os.osx.x86_64+web.browser+web.cordova/mt-os.osx.x86_64/dev_bundle/lib/node_modules/npm/node_modules/aproba/index.js:18:42)
381 verbose stack     at moduleName (/Users/Leopold_Dls/.meteor/packages/meteor-tool/.1.4.1_1.1onstxe++os.osx.x86_64+web.browser+web.cordova/mt-os.osx.x86_64/dev_bundle/lib/node_modules/npm/lib/utils/module-name.js:25:3)
381 verbose stack     at exports.isOnlyDev (/Users/Leopold_Dls/.meteor/packages/meteor-tool/.1.4.1_1.1onstxe++os.osx.x86_64+web.browser+web.cordova/mt-os.osx.x86_64/dev_bundle/lib/node_modules/npm/lib/install/is-dev.js:39:45)
381 verbose stack     at /Users/Leopold_Dls/.meteor/packages/meteor-tool/.1.4.1_1.1onstxe++os.osx.x86_64+web.browser+web.cordova/mt-os.osx.x86_64/dev_bundle/lib/node_modules/npm/lib/install/is-dev.js:33:14
381 verbose stack     at Array.every (native)
381 verbose stack     at exports.isOnlyDev (/Users/Leopold_Dls/.meteor/packages/meteor-tool/.1.4.1_1.1onstxe++os.osx.x86_64+web.browser+web.cordova/mt-os.osx.x86_64/dev_bundle/lib/node_modules/npm/lib/install/is-dev.js:39:26)
381 verbose stack     at /Users/Leopold_Dls/.meteor/packages/meteor-tool/.1.4.1_1.1onstxe++os.osx.x86_64+web.browser+web.cordova/mt-os.osx.x86_64/dev_bundle/lib/node_modules/npm/lib/install/is-dev.js:33:14
381 verbose stack     at Array.every (native)
381 verbose stack     at exports.isOnlyDev (/Users/Leopold_Dls/.meteor/packages/meteor-tool/.1.4.1_1.1onstxe++os.osx.x86_64+web.browser+web.cordova/mt-os.osx.x86_64/dev_bundle/lib/node_modules/npm/lib/install/is-dev.js:39:26)
381 verbose stack     at /Users/Leopold_Dls/.meteor/packages/meteor-tool/.1.4.1_1.1onstxe++os.osx.x86_64+web.browser+web.cordova/mt-os.osx.x86_64/dev_bundle/lib/node_modules/npm/lib/install/is-dev.js:33:14
382 verbose cwd /Users/Leopold_Dls/Documents/development/dev-js/meteor/BOILERPLATE/meteor-1.4-boilerplate
383 error Darwin 15.6.0
384 error argv "/Users/Leopold_Dls/.meteor/packages/meteor-tool/.1.4.1_1.1onstxe++os.osx.x86_64+web.browser+web.cordova/mt-os.osx.x86_64/dev_bundle/bin/node" "/Users/Leopold_Dls/.meteor/packages/meteor-tool/1.4.1_1/mt-os.osx.x86_64/dev_bundle/bin/npm" "install" "--save" "bcrypt"
385 error node v4.5.0
386 error npm  v3.10.6
387 error Maximum call stack size exceeded
388 error If you need help, you may report this error at:
388 error     <https://github.com/npm/npm/issues>
389 verbose exit [ 1, true ]
